2021-03-15 15:28:02,658 INFO 5144 [egg-schedule]: register schedule D:\egg-example\node_modules\egg-multipart\app\schedule\clean_tmpdir.js
2021-03-15 15:28:02,658 INFO 5144 [egg-schedule]: register schedule D:\egg-example\node_modules\egg-logrotator\app\schedule\clean_log.js
2021-03-15 15:28:02,658 INFO 5144 [egg-schedule]: register schedule D:\egg-example\node_modules\egg-logrotator\app\schedule\rotate_by_file.js
2021-03-15 15:28:02,916 INFO 5144 [Timer] D:\egg-example\node_modules\egg-multipart\app\schedule\clean_tmpdir.js next time will execute after 46917087ms at 2021-03-16 04:30:00.003
2021-03-15 15:28:02,917 INFO 5144 [Timer] D:\egg-example\node_modules\egg-logrotator\app\schedule\clean_log.js next time will execute after 30717084ms at 2021-03-16 00:00:00.001
2021-03-15 15:28:02,917 INFO 5144 [Timer] D:\egg-example\node_modules\egg-logrotator\app\schedule\rotate_by_file.js next time will execute after 30718083ms at 2021-03-16 00:00:01.000
2021-03-15 15:40:58,525 INFO 38620 [Timer] D:\egg-example\node_modules\egg-multipart\app\schedule\clean_tmpdir.js next time will execute after 46141478ms at 2021-03-16 04:30:00.003
2021-03-15 15:40:58,525 INFO 38620 [Timer] D:\egg-example\node_modules\egg-logrotator\app\schedule\clean_log.js next time will execute after 29941475ms at 2021-03-16 00:00:00.000
2021-03-15 15:40:58,525 INFO 38620 [Timer] D:\egg-example\node_modules\egg-logrotator\app\schedule\rotate_by_file.js next time will execute after 29942475ms at 2021-03-16 00:00:01.000
2021-03-15 15:40:58,311 INFO 20388 [egg-schedule]: register schedule D:\egg-example\node_modules\egg-multipart\app\schedule\clean_tmpdir.js
2021-03-15 15:40:58,311 INFO 20388 [egg-schedule]: register schedule D:\egg-example\node_modules\egg-logrotator\app\schedule\clean_log.js
2021-03-15 15:40:58,311 INFO 20388 [egg-schedule]: register schedule D:\egg-example\node_modules\egg-logrotator\app\schedule\rotate_by_file.js
2021-03-15 15:41:51,946 INFO 14244 [egg-schedule]: register schedule D:\egg-example\node_modules\egg-multipart\app\schedule\clean_tmpdir.js
2021-03-15 15:41:51,946 INFO 14244 [egg-schedule]: register schedule D:\egg-example\node_modules\egg-logrotator\app\schedule\clean_log.js
2021-03-15 15:41:51,946 INFO 14244 [egg-schedule]: register schedule D:\egg-example\node_modules\egg-logrotator\app\schedule\rotate_by_file.js
2021-03-15 15:44:34,732 INFO 8656 [egg-schedule]: register schedule D:\egg-example\node_modules\egg-multipart\app\schedule\clean_tmpdir.js
2021-03-15 15:44:34,732 INFO 8656 [egg-schedule]: register schedule D:\egg-example\node_modules\egg-logrotator\app\schedule\clean_log.js
2021-03-15 15:44:34,732 INFO 8656 [egg-schedule]: register schedule D:\egg-example\node_modules\egg-logrotator\app\schedule\rotate_by_file.js
2021-03-15 15:45:19,265 INFO 13484 [egg-schedule]: register schedule D:\egg-example\node_modules\egg-multipart\app\schedule\clean_tmpdir.js
2021-03-15 15:45:19,265 INFO 13484 [egg-schedule]: register schedule D:\egg-example\node_modules\egg-logrotator\app\schedule\clean_log.js
2021-03-15 15:45:19,265 INFO 13484 [egg-schedule]: register schedule D:\egg-example\node_modules\egg-logrotator\app\schedule\rotate_by_file.js
2021-03-15 15:45:20,738 INFO 38800 [egg-schedule]: register schedule D:\egg-example\node_modules\egg-multipart\app\schedule\clean_tmpdir.js
2021-03-15 15:45:20,738 INFO 38800 [egg-schedule]: register schedule D:\egg-example\node_modules\egg-logrotator\app\schedule\clean_log.js
2021-03-15 15:45:20,738 INFO 38800 [egg-schedule]: register schedule D:\egg-example\node_modules\egg-logrotator\app\schedule\rotate_by_file.js
2021-03-15 15:49:03,656 INFO 18956 [egg-schedule]: register schedule D:\egg-example\node_modules\egg-multipart\app\schedule\clean_tmpdir.js
2021-03-15 15:49:03,656 INFO 18956 [egg-schedule]: register schedule D:\egg-example\node_modules\egg-logrotator\app\schedule\clean_log.js
2021-03-15 15:49:03,656 INFO 18956 [egg-schedule]: register schedule D:\egg-example\node_modules\egg-logrotator\app\schedule\rotate_by_file.js
2021-03-15 15:52:54,509 INFO 16764 [egg-schedule]: register schedule D:\egg-example\node_modules\egg-multipart\app\schedule\clean_tmpdir.js
2021-03-15 15:52:54,509 INFO 16764 [egg-schedule]: register schedule D:\egg-example\node_modules\egg-logrotator\app\schedule\clean_log.js
2021-03-15 15:52:54,509 INFO 16764 [egg-schedule]: register schedule D:\egg-example\node_modules\egg-logrotator\app\schedule\rotate_by_file.js
2021-03-15 15:52:56,136 INFO 22412 [egg-schedule]: register schedule D:\egg-example\node_modules\egg-multipart\app\schedule\clean_tmpdir.js
2021-03-15 15:52:56,136 INFO 22412 [egg-schedule]: register schedule D:\egg-example\node_modules\egg-logrotator\app\schedule\clean_log.js
2021-03-15 15:52:56,136 INFO 22412 [egg-schedule]: register schedule D:\egg-example\node_modules\egg-logrotator\app\schedule\rotate_by_file.js
2021-03-15 15:54:10,278 INFO 27436 [egg-schedule]: register schedule D:\egg-example\node_modules\egg-multipart\app\schedule\clean_tmpdir.js
2021-03-15 15:54:10,278 INFO 27436 [egg-schedule]: register schedule D:\egg-example\node_modules\egg-logrotator\app\schedule\clean_log.js
2021-03-15 15:54:10,279 INFO 27436 [egg-schedule]: register schedule D:\egg-example\node_modules\egg-logrotator\app\schedule\rotate_by_file.js
2021-03-15 15:54:11,682 INFO 36080 [egg-schedule]: register schedule D:\egg-example\node_modules\egg-multipart\app\schedule\clean_tmpdir.js
2021-03-15 15:54:11,682 INFO 36080 [egg-schedule]: register schedule D:\egg-example\node_modules\egg-logrotator\app\schedule\clean_log.js
2021-03-15 15:54:11,682 INFO 36080 [egg-schedule]: register schedule D:\egg-example\node_modules\egg-logrotator\app\schedule\rotate_by_file.js
2021-03-15 15:55:22,078 INFO 38872 [egg-schedule]: register schedule D:\egg-example\node_modules\egg-multipart\app\schedule\clean_tmpdir.js
2021-03-15 15:55:22,078 INFO 38872 [egg-schedule]: register schedule D:\egg-example\node_modules\egg-logrotator\app\schedule\clean_log.js
2021-03-15 15:55:22,078 INFO 38872 [egg-schedule]: register schedule D:\egg-example\node_modules\egg-logrotator\app\schedule\rotate_by_file.js
2021-03-15 15:55:23,649 INFO 17184 [egg-schedule]: register schedule D:\egg-example\node_modules\egg-multipart\app\schedule\clean_tmpdir.js
2021-03-15 15:55:23,649 INFO 17184 [egg-schedule]: register schedule D:\egg-example\node_modules\egg-logrotator\app\schedule\clean_log.js
2021-03-15 15:55:23,649 INFO 17184 [egg-schedule]: register schedule D:\egg-example\node_modules\egg-logrotator\app\schedule\rotate_by_file.js
2021-03-15 15:55:40,277 INFO 17256 [egg-schedule]: register schedule D:\egg-example\node_modules\egg-multipart\app\schedule\clean_tmpdir.js
2021-03-15 15:55:40,277 INFO 17256 [egg-schedule]: register schedule D:\egg-example\node_modules\egg-logrotator\app\schedule\clean_log.js
2021-03-15 15:55:40,277 INFO 17256 [egg-schedule]: register schedule D:\egg-example\node_modules\egg-logrotator\app\schedule\rotate_by_file.js
2021-03-15 15:55:45,963 INFO 21160 [egg-schedule]: register schedule D:\egg-example\node_modules\egg-multipart\app\schedule\clean_tmpdir.js
2021-03-15 15:55:45,964 INFO 21160 [egg-schedule]: register schedule D:\egg-example\node_modules\egg-logrotator\app\schedule\clean_log.js
2021-03-15 15:55:45,964 INFO 21160 [egg-schedule]: register schedule D:\egg-example\node_modules\egg-logrotator\app\schedule\rotate_by_file.js
2021-03-15 15:59:47,142 INFO 35716 [egg-schedule]: register schedule D:\egg-example\node_modules\egg-multipart\app\schedule\clean_tmpdir.js
2021-03-15 15:59:47,142 INFO 35716 [egg-schedule]: register schedule D:\egg-example\node_modules\egg-logrotator\app\schedule\clean_log.js
2021-03-15 15:59:47,142 INFO 35716 [egg-schedule]: register schedule D:\egg-example\node_modules\egg-logrotator\app\schedule\rotate_by_file.js
2021-03-15 15:59:48,706 INFO 14660 [egg-schedule]: register schedule D:\egg-example\node_modules\egg-multipart\app\schedule\clean_tmpdir.js
2021-03-15 15:59:48,706 INFO 14660 [egg-schedule]: register schedule D:\egg-example\node_modules\egg-logrotator\app\schedule\clean_log.js
2021-03-15 15:59:48,706 INFO 14660 [egg-schedule]: register schedule D:\egg-example\node_modules\egg-logrotator\app\schedule\rotate_by_file.js
2021-03-15 16:00:51,154 INFO 33568 [egg-schedule]: register schedule D:\egg-example\node_modules\egg-multipart\app\schedule\clean_tmpdir.js
2021-03-15 16:00:51,154 INFO 33568 [egg-schedule]: register schedule D:\egg-example\node_modules\egg-logrotator\app\schedule\clean_log.js
2021-03-15 16:00:51,154 INFO 33568 [egg-schedule]: register schedule D:\egg-example\node_modules\egg-logrotator\app\schedule\rotate_by_file.js
2021-03-15 16:00:52,568 INFO 16124 [egg-schedule]: register schedule D:\egg-example\node_modules\egg-multipart\app\schedule\clean_tmpdir.js
2021-03-15 16:00:52,568 INFO 16124 [egg-schedule]: register schedule D:\egg-example\node_modules\egg-logrotator\app\schedule\clean_log.js
2021-03-15 16:00:52,568 INFO 16124 [egg-schedule]: register schedule D:\egg-example\node_modules\egg-logrotator\app\schedule\rotate_by_file.js
2021-03-15 16:01:54,121 INFO 16888 [egg-schedule]: register schedule D:\egg-example\node_modules\egg-multipart\app\schedule\clean_tmpdir.js
2021-03-15 16:01:54,121 INFO 16888 [egg-schedule]: register schedule D:\egg-example\node_modules\egg-logrotator\app\schedule\clean_log.js
2021-03-15 16:01:54,121 INFO 16888 [egg-schedule]: register schedule D:\egg-example\node_modules\egg-logrotator\app\schedule\rotate_by_file.js
2021-03-15 16:02:05,974 INFO 19436 [Timer] D:\egg-example\node_modules\egg-multipart\app\schedule\clean_tmpdir.js next time will execute after 44874029ms at 2021-03-16 04:30:00.003
2021-03-15 16:02:05,974 INFO 19436 [Timer] D:\egg-example\node_modules\egg-logrotator\app\schedule\clean_log.js next time will execute after 28674026ms at 2021-03-16 00:00:00.000
2021-03-15 16:02:05,974 INFO 19436 [Timer] D:\egg-example\node_modules\egg-logrotator\app\schedule\rotate_by_file.js next time will execute after 28675026ms at 2021-03-16 00:00:01.000
2021-03-15 16:02:05,738 INFO 18100 [egg-schedule]: register schedule D:\egg-example\node_modules\egg-multipart\app\schedule\clean_tmpdir.js
2021-03-15 16:02:05,738 INFO 18100 [egg-schedule]: register schedule D:\egg-example\node_modules\egg-logrotator\app\schedule\clean_log.js
2021-03-15 16:02:05,738 INFO 18100 [egg-schedule]: register schedule D:\egg-example\node_modules\egg-logrotator\app\schedule\rotate_by_file.js
2021-03-15 16:03:17,174 INFO 21376 [egg-schedule]: register schedule D:\egg-example\node_modules\egg-multipart\app\schedule\clean_tmpdir.js
2021-03-15 16:03:17,174 INFO 21376 [egg-schedule]: register schedule D:\egg-example\node_modules\egg-logrotator\app\schedule\clean_log.js
2021-03-15 16:03:17,174 INFO 21376 [egg-schedule]: register schedule D:\egg-example\node_modules\egg-logrotator\app\schedule\rotate_by_file.js
2021-03-15 16:03:18,789 INFO 18788 [egg-schedule]: register schedule D:\egg-example\node_modules\egg-multipart\app\schedule\clean_tmpdir.js
2021-03-15 16:03:18,789 INFO 18788 [egg-schedule]: register schedule D:\egg-example\node_modules\egg-logrotator\app\schedule\clean_log.js
2021-03-15 16:03:18,789 INFO 18788 [egg-schedule]: register schedule D:\egg-example\node_modules\egg-logrotator\app\schedule\rotate_by_file.js
2021-03-15 16:04:37,592 INFO 39664 [egg-schedule]: register schedule D:\egg-example\node_modules\egg-multipart\app\schedule\clean_tmpdir.js
2021-03-15 16:04:37,592 INFO 39664 [egg-schedule]: register schedule D:\egg-example\node_modules\egg-logrotator\app\schedule\clean_log.js
2021-03-15 16:04:37,592 INFO 39664 [egg-schedule]: register schedule D:\egg-example\node_modules\egg-logrotator\app\schedule\rotate_by_file.js
2021-03-15 16:05:57,252 INFO 36096 [egg-schedule]: register schedule D:\egg-example\node_modules\egg-multipart\app\schedule\clean_tmpdir.js
2021-03-15 16:05:57,252 INFO 36096 [egg-schedule]: register schedule D:\egg-example\node_modules\egg-logrotator\app\schedule\clean_log.js
2021-03-15 16:05:57,252 INFO 36096 [egg-schedule]: register schedule D:\egg-example\node_modules\egg-logrotator\app\schedule\rotate_by_file.js
2021-03-15 16:29:38,555 INFO 39676 [Timer] D:\egg-example\node_modules\egg-multipart\app\schedule\clean_tmpdir.js next time will execute after 43221448ms at 2021-03-16 04:30:00.003
2021-03-15 16:29:38,555 INFO 39676 [Timer] D:\egg-example\node_modules\egg-logrotator\app\schedule\clean_log.js next time will execute after 27021445ms at 2021-03-16 00:00:00.000
2021-03-15 16:29:38,556 INFO 39676 [Timer] D:\egg-example\node_modules\egg-logrotator\app\schedule\rotate_by_file.js next time will execute after 27022445ms at 2021-03-16 00:00:01.001
2021-03-15 16:29:38,324 INFO 37804 [egg-schedule]: register schedule D:\egg-example\node_modules\egg-multipart\app\schedule\clean_tmpdir.js
2021-03-15 16:29:38,324 INFO 37804 [egg-schedule]: register schedule D:\egg-example\node_modules\egg-logrotator\app\schedule\clean_log.js
2021-03-15 16:29:38,324 INFO 37804 [egg-schedule]: register schedule D:\egg-example\node_modules\egg-logrotator\app\schedule\rotate_by_file.js
2021-03-15 16:29:39,962 INFO 39564 [egg-schedule]: register schedule D:\egg-example\node_modules\egg-multipart\app\schedule\clean_tmpdir.js
2021-03-15 16:29:39,962 INFO 39564 [egg-schedule]: register schedule D:\egg-example\node_modules\egg-logrotator\app\schedule\clean_log.js
2021-03-15 16:29:39,962 INFO 39564 [egg-schedule]: register schedule D:\egg-example\node_modules\egg-logrotator\app\schedule\rotate_by_file.js
2021-03-15 16:30:16,311 INFO 22272 [egg-schedule]: register schedule D:\egg-example\node_modules\egg-multipart\app\schedule\clean_tmpdir.js
2021-03-15 16:30:16,311 INFO 22272 [egg-schedule]: register schedule D:\egg-example\node_modules\egg-logrotator\app\schedule\clean_log.js
2021-03-15 16:30:16,311 INFO 22272 [egg-schedule]: register schedule D:\egg-example\node_modules\egg-logrotator\app\schedule\rotate_by_file.js
2021-03-15 16:30:17,737 INFO 34804 [egg-schedule]: register schedule D:\egg-example\node_modules\egg-multipart\app\schedule\clean_tmpdir.js
2021-03-15 16:30:17,737 INFO 34804 [egg-schedule]: register schedule D:\egg-example\node_modules\egg-logrotator\app\schedule\clean_log.js
2021-03-15 16:30:17,737 INFO 34804 [egg-schedule]: register schedule D:\egg-example\node_modules\egg-logrotator\app\schedule\rotate_by_file.js
2021-03-15 16:30:27,936 INFO 39540 [egg-schedule]: register schedule D:\egg-example\node_modules\egg-multipart\app\schedule\clean_tmpdir.js
2021-03-15 16:30:27,936 INFO 39540 [egg-schedule]: register schedule D:\egg-example\node_modules\egg-logrotator\app\schedule\clean_log.js
2021-03-15 16:30:27,936 INFO 39540 [egg-schedule]: register schedule D:\egg-example\node_modules\egg-logrotator\app\schedule\rotate_by_file.js
2021-03-15 16:30:29,592 INFO 38512 [egg-schedule]: register schedule D:\egg-example\node_modules\egg-multipart\app\schedule\clean_tmpdir.js
2021-03-15 16:30:29,592 INFO 38512 [egg-schedule]: register schedule D:\egg-example\node_modules\egg-logrotator\app\schedule\clean_log.js
2021-03-15 16:30:29,592 INFO 38512 [egg-schedule]: register schedule D:\egg-example\node_modules\egg-logrotator\app\schedule\rotate_by_file.js
2021-03-15 16:30:33,320 INFO 19512 [egg-schedule]: register schedule D:\egg-example\node_modules\egg-multipart\app\schedule\clean_tmpdir.js
2021-03-15 16:30:33,320 INFO 19512 [egg-schedule]: register schedule D:\egg-example\node_modules\egg-logrotator\app\schedule\clean_log.js
2021-03-15 16:30:33,320 INFO 19512 [egg-schedule]: register schedule D:\egg-example\node_modules\egg-logrotator\app\schedule\rotate_by_file.js
2021-03-15 16:31:02,615 INFO 15240 [egg-schedule]: register schedule D:\egg-example\node_modules\egg-multipart\app\schedule\clean_tmpdir.js
2021-03-15 16:31:02,615 INFO 15240 [egg-schedule]: register schedule D:\egg-example\node_modules\egg-logrotator\app\schedule\clean_log.js
2021-03-15 16:31:02,615 INFO 15240 [egg-schedule]: register schedule D:\egg-example\node_modules\egg-logrotator\app\schedule\rotate_by_file.js
2021-03-15 16:31:32,416 INFO 38512 [Timer] D:\egg-example\node_modules\egg-multipart\app\schedule\clean_tmpdir.js next time will execute after 43107587ms at 2021-03-16 04:30:00.003
2021-03-15 16:31:32,417 INFO 38512 [Timer] D:\egg-example\node_modules\egg-logrotator\app\schedule\clean_log.js next time will execute after 26907584ms at 2021-03-16 00:00:00.001
2021-03-15 16:31:32,417 INFO 38512 [Timer] D:\egg-example\node_modules\egg-logrotator\app\schedule\rotate_by_file.js next time will execute after 26908583ms at 2021-03-16 00:00:01.000
2021-03-15 16:31:32,205 INFO 39496 [egg-schedule]: register schedule D:\egg-example\node_modules\egg-multipart\app\schedule\clean_tmpdir.js
2021-03-15 16:31:32,205 INFO 39496 [egg-schedule]: register schedule D:\egg-example\node_modules\egg-logrotator\app\schedule\clean_log.js
2021-03-15 16:31:32,205 INFO 39496 [egg-schedule]: register schedule D:\egg-example\node_modules\egg-logrotator\app\schedule\rotate_by_file.js
2021-03-15 16:38:12,926 INFO 18264 [egg-schedule]: register schedule D:\egg-example\node_modules\egg-multipart\app\schedule\clean_tmpdir.js
2021-03-15 16:38:12,926 INFO 18264 [egg-schedule]: register schedule D:\egg-example\node_modules\egg-logrotator\app\schedule\clean_log.js
2021-03-15 16:38:12,926 INFO 18264 [egg-schedule]: register schedule D:\egg-example\node_modules\egg-logrotator\app\schedule\rotate_by_file.js
2021-03-15 16:38:18,472 INFO 16488 [egg-schedule]: register schedule D:\egg-example\node_modules\egg-multipart\app\schedule\clean_tmpdir.js
2021-03-15 16:38:18,472 INFO 16488 [egg-schedule]: register schedule D:\egg-example\node_modules\egg-logrotator\app\schedule\clean_log.js
2021-03-15 16:38:18,472 INFO 16488 [egg-schedule]: register schedule D:\egg-example\node_modules\egg-logrotator\app\schedule\rotate_by_file.js
2021-03-15 16:38:20,065 INFO 9040 [egg-schedule]: register schedule D:\egg-example\node_modules\egg-multipart\app\schedule\clean_tmpdir.js
2021-03-15 16:38:20,065 INFO 9040 [egg-schedule]: register schedule D:\egg-example\node_modules\egg-logrotator\app\schedule\clean_log.js
2021-03-15 16:38:20,065 INFO 9040 [egg-schedule]: register schedule D:\egg-example\node_modules\egg-logrotator\app\schedule\rotate_by_file.js
2021-03-15 16:40:33,514 INFO 20392 [egg-schedule]: register schedule D:\egg-example\node_modules\egg-multipart\app\schedule\clean_tmpdir.js
2021-03-15 16:40:33,514 INFO 20392 [egg-schedule]: register schedule D:\egg-example\node_modules\egg-logrotator\app\schedule\clean_log.js
2021-03-15 16:40:33,514 INFO 20392 [egg-schedule]: register schedule D:\egg-example\node_modules\egg-logrotator\app\schedule\rotate_by_file.js
2021-03-15 16:41:45,748 INFO 39128 [egg-schedule]: register schedule D:\egg-example\node_modules\egg-multipart\app\schedule\clean_tmpdir.js
2021-03-15 16:41:45,748 INFO 39128 [egg-schedule]: register schedule D:\egg-example\node_modules\egg-logrotator\app\schedule\clean_log.js
2021-03-15 16:41:45,748 INFO 39128 [egg-schedule]: register schedule D:\egg-example\node_modules\egg-logrotator\app\schedule\rotate_by_file.js
2021-03-15 16:41:47,315 INFO 35424 [egg-schedule]: register schedule D:\egg-example\node_modules\egg-multipart\app\schedule\clean_tmpdir.js
2021-03-15 16:41:47,315 INFO 35424 [egg-schedule]: register schedule D:\egg-example\node_modules\egg-logrotator\app\schedule\clean_log.js
2021-03-15 16:41:47,315 INFO 35424 [egg-schedule]: register schedule D:\egg-example\node_modules\egg-logrotator\app\schedule\rotate_by_file.js
2021-03-15 16:41:59,695 INFO 9052 [egg-schedule]: register schedule D:\egg-example\node_modules\egg-multipart\app\schedule\clean_tmpdir.js
2021-03-15 16:41:59,695 INFO 9052 [egg-schedule]: register schedule D:\egg-example\node_modules\egg-logrotator\app\schedule\clean_log.js
2021-03-15 16:41:59,695 INFO 9052 [egg-schedule]: register schedule D:\egg-example\node_modules\egg-logrotator\app\schedule\rotate_by_file.js
2021-03-15 16:42:01,085 INFO 16808 [egg-schedule]: register schedule D:\egg-example\node_modules\egg-multipart\app\schedule\clean_tmpdir.js
2021-03-15 16:42:01,085 INFO 16808 [egg-schedule]: register schedule D:\egg-example\node_modules\egg-logrotator\app\schedule\clean_log.js
2021-03-15 16:42:01,085 INFO 16808 [egg-schedule]: register schedule D:\egg-example\node_modules\egg-logrotator\app\schedule\rotate_by_file.js
2021-03-15 16:44:36,114 INFO 20992 [egg-schedule]: register schedule D:\egg-example\node_modules\egg-multipart\app\schedule\clean_tmpdir.js
2021-03-15 16:44:36,114 INFO 20992 [egg-schedule]: register schedule D:\egg-example\node_modules\egg-logrotator\app\schedule\clean_log.js
2021-03-15 16:44:36,114 INFO 20992 [egg-schedule]: register schedule D:\egg-example\node_modules\egg-logrotator\app\schedule\rotate_by_file.js
2021-03-15 16:45:09,996 INFO 38928 [egg-schedule]: register schedule D:\egg-example\node_modules\egg-multipart\app\schedule\clean_tmpdir.js
2021-03-15 16:45:09,996 INFO 38928 [egg-schedule]: register schedule D:\egg-example\node_modules\egg-logrotator\app\schedule\clean_log.js
2021-03-15 16:45:09,996 INFO 38928 [egg-schedule]: register schedule D:\egg-example\node_modules\egg-logrotator\app\schedule\rotate_by_file.js
2021-03-15 16:45:25,847 INFO 2752 [egg-schedule]: register schedule D:\egg-example\node_modules\egg-multipart\app\schedule\clean_tmpdir.js
2021-03-15 16:45:25,847 INFO 2752 [egg-schedule]: register schedule D:\egg-example\node_modules\egg-logrotator\app\schedule\clean_log.js
2021-03-15 16:45:25,847 INFO 2752 [egg-schedule]: register schedule D:\egg-example\node_modules\egg-logrotator\app\schedule\rotate_by_file.js
2021-03-15 16:45:27,338 INFO 21116 [egg-schedule]: register schedule D:\egg-example\node_modules\egg-multipart\app\schedule\clean_tmpdir.js
2021-03-15 16:45:27,338 INFO 21116 [egg-schedule]: register schedule D:\egg-example\node_modules\egg-logrotator\app\schedule\clean_log.js
2021-03-15 16:45:27,338 INFO 21116 [egg-schedule]: register schedule D:\egg-example\node_modules\egg-logrotator\app\schedule\rotate_by_file.js
2021-03-15 16:45:29,352 INFO 14312 [egg-schedule]: register schedule D:\egg-example\node_modules\egg-multipart\app\schedule\clean_tmpdir.js
2021-03-15 16:45:29,352 INFO 14312 [egg-schedule]: register schedule D:\egg-example\node_modules\egg-logrotator\app\schedule\clean_log.js
2021-03-15 16:45:29,352 INFO 14312 [egg-schedule]: register schedule D:\egg-example\node_modules\egg-logrotator\app\schedule\rotate_by_file.js
2021-03-15 16:46:23,869 INFO 9136 [egg-schedule]: register schedule D:\egg-example\node_modules\egg-multipart\app\schedule\clean_tmpdir.js
2021-03-15 16:46:23,869 INFO 9136 [egg-schedule]: register schedule D:\egg-example\node_modules\egg-logrotator\app\schedule\clean_log.js
2021-03-15 16:46:23,869 INFO 9136 [egg-schedule]: register schedule D:\egg-example\node_modules\egg-logrotator\app\schedule\rotate_by_file.js
2021-03-15 16:46:25,346 INFO 38304 [egg-schedule]: register schedule D:\egg-example\node_modules\egg-multipart\app\schedule\clean_tmpdir.js
2021-03-15 16:46:25,346 INFO 38304 [egg-schedule]: register schedule D:\egg-example\node_modules\egg-logrotator\app\schedule\clean_log.js
2021-03-15 16:46:25,346 INFO 38304 [egg-schedule]: register schedule D:\egg-example\node_modules\egg-logrotator\app\schedule\rotate_by_file.js
2021-03-15 16:47:02,834 INFO 20860 [egg-schedule]: register schedule D:\egg-example\node_modules\egg-multipart\app\schedule\clean_tmpdir.js
2021-03-15 16:47:02,834 INFO 20860 [egg-schedule]: register schedule D:\egg-example\node_modules\egg-logrotator\app\schedule\clean_log.js
2021-03-15 16:47:02,834 INFO 20860 [egg-schedule]: register schedule D:\egg-example\node_modules\egg-logrotator\app\schedule\rotate_by_file.js
2021-03-15 16:47:04,366 INFO 39764 [egg-schedule]: register schedule D:\egg-example\node_modules\egg-multipart\app\schedule\clean_tmpdir.js
2021-03-15 16:47:04,366 INFO 39764 [egg-schedule]: register schedule D:\egg-example\node_modules\egg-logrotator\app\schedule\clean_log.js
2021-03-15 16:47:04,366 INFO 39764 [egg-schedule]: register schedule D:\egg-example\node_modules\egg-logrotator\app\schedule\rotate_by_file.js
2021-03-15 16:48:34,481 INFO 11572 [egg-schedule]: register schedule D:\egg-example\node_modules\egg-multipart\app\schedule\clean_tmpdir.js
2021-03-15 16:48:34,481 INFO 11572 [egg-schedule]: register schedule D:\egg-example\node_modules\egg-logrotator\app\schedule\clean_log.js
2021-03-15 16:48:34,481 INFO 11572 [egg-schedule]: register schedule D:\egg-example\node_modules\egg-logrotator\app\schedule\rotate_by_file.js
2021-03-15 16:48:36,254 INFO 39356 [egg-schedule]: register schedule D:\egg-example\node_modules\egg-multipart\app\schedule\clean_tmpdir.js
2021-03-15 16:48:36,254 INFO 39356 [egg-schedule]: register schedule D:\egg-example\node_modules\egg-logrotator\app\schedule\clean_log.js
2021-03-15 16:48:36,254 INFO 39356 [egg-schedule]: register schedule D:\egg-example\node_modules\egg-logrotator\app\schedule\rotate_by_file.js
2021-03-15 16:48:46,354 INFO 34780 [egg-schedule]: register schedule D:\egg-example\node_modules\egg-multipart\app\schedule\clean_tmpdir.js
2021-03-15 16:48:46,354 INFO 34780 [egg-schedule]: register schedule D:\egg-example\node_modules\egg-logrotator\app\schedule\clean_log.js
2021-03-15 16:48:46,354 INFO 34780 [egg-schedule]: register schedule D:\egg-example\node_modules\egg-logrotator\app\schedule\rotate_by_file.js
2021-03-15 16:51:12,044 INFO 37912 [egg-schedule]: register schedule D:\egg-example\node_modules\egg-multipart\app\schedule\clean_tmpdir.js
2021-03-15 16:51:12,044 INFO 37912 [egg-schedule]: register schedule D:\egg-example\node_modules\egg-logrotator\app\schedule\clean_log.js
2021-03-15 16:51:12,044 INFO 37912 [egg-schedule]: register schedule D:\egg-example\node_modules\egg-logrotator\app\schedule\rotate_by_file.js
2021-03-15 16:52:43,289 INFO 19036 [egg-schedule]: register schedule D:\egg-example\node_modules\egg-multipart\app\schedule\clean_tmpdir.js
2021-03-15 16:52:43,289 INFO 19036 [egg-schedule]: register schedule D:\egg-example\node_modules\egg-logrotator\app\schedule\clean_log.js
2021-03-15 16:52:43,289 INFO 19036 [egg-schedule]: register schedule D:\egg-example\node_modules\egg-logrotator\app\schedule\rotate_by_file.js
2021-03-15 16:52:44,739 INFO 15260 [egg-schedule]: register schedule D:\egg-example\node_modules\egg-multipart\app\schedule\clean_tmpdir.js
2021-03-15 16:52:44,739 INFO 15260 [egg-schedule]: register schedule D:\egg-example\node_modules\egg-logrotator\app\schedule\clean_log.js
2021-03-15 16:52:44,739 INFO 15260 [egg-schedule]: register schedule D:\egg-example\node_modules\egg-logrotator\app\schedule\rotate_by_file.js
2021-03-15 16:52:50,581 INFO 38764 [egg-schedule]: register schedule D:\egg-example\node_modules\egg-multipart\app\schedule\clean_tmpdir.js
2021-03-15 16:52:50,581 INFO 38764 [egg-schedule]: register schedule D:\egg-example\node_modules\egg-logrotator\app\schedule\clean_log.js
2021-03-15 16:52:50,581 INFO 38764 [egg-schedule]: register schedule D:\egg-example\node_modules\egg-logrotator\app\schedule\rotate_by_file.js
